C:\USERS\SEAREON\DOCUMENTS\VISUAL STUDIO 2010\PROJECTS\ATM_PPVIS\ATM_PPVIS\DEBUG\.NETFRAMEWORK,VERSION=V4.0.ASSEMBLYATTRIBUTES.OBJ
C:\USERS\SEAREON\DOCUMENTS\VISUAL STUDIO 2010\PROJECTS\ATM_PPVIS\ATM_PPVIS\DEBUG\APP.RES
C:\USERS\SEAREON\DOCUMENTS\VISUAL STUDIO 2010\PROJECTS\ATM_PPVIS\ATM_PPVIS\DEBUG\ASSEMBLYINFO.OBJ
C:\Users\Seareon\documents\visual studio 2010\Projects\ATM_PPvIS\ATM_PPvIS\Debug\ATM_PPvIS.exe.intermediate.manifest
C:\Users\Seareon\documents\visual studio 2010\Projects\ATM_PPvIS\ATM_PPvIS\Debug\ATM_PPvIS.Form_error.resources
C:\Users\Seareon\documents\visual studio 2010\Projects\ATM_PPvIS\ATM_PPvIS\Debug\ATM_PPvIS.Form1.resources
C:\Users\Seareon\documents\visual studio 2010\Projects\ATM_PPvIS\ATM_PPvIS\Debug\ATM_PPvIS.Form2.resources
C:\Users\Seareon\documents\visual studio 2010\Projects\ATM_PPvIS\ATM_PPvIS\Debug\ATM_PPvIS.Form3.resources
C:\Users\Seareon\documents\visual studio 2010\Projects\ATM_PPvIS\ATM_PPvIS\Debug\ATM_PPvIS.Form4.resources
C:\USERS\SEAREON\DOCUMENTS\VISUAL STUDIO 2010\PROJECTS\ATM_PPVIS\ATM_PPVIS\DEBUG\ATM_PPVIS.OBJ
C:\USERS\SEAREON\DOCUMENTS\VISUAL STUDIO 2010\PROJECTS\ATM_PPVIS\ATM_PPVIS\DEBUG\ATM_PPVIS.PCH
C:\Users\Seareon\documents\visual studio 2010\Projects\ATM_PPvIS\ATM_PPvIS\Debug\ATM_PPvIS.vcxproj.GenerateResource.Cache
C:\Users\Seareon\documents\visual studio 2010\Projects\ATM_PPvIS\ATM_PPvIS\Debug\ATM_PPvIS.vcxprojResolveAssemblyReference.cache
C:\Users\Seareon\documents\visual studio 2010\Projects\ATM_PPvIS\ATM_PPvIS\Debug\ATM_PPvIS.write.1.tlog
C:\Users\Seareon\documents\visual studio 2010\Projects\ATM_PPvIS\ATM_PPvIS\Debug\cl.command.1.tlog
C:\Users\Seareon\documents\visual studio 2010\Projects\ATM_PPvIS\ATM_PPvIS\Debug\CL.read.1.tlog
C:\Users\Seareon\documents\visual studio 2010\Projects\ATM_PPvIS\ATM_PPvIS\Debug\CL.write.1.tlog
C:\USERS\SEAREON\DOCUMENTS\VISUAL STUDIO 2010\PROJECTS\ATM_PPVIS\ATM_PPVIS\DEBUG\CLASSES.OBJ
C:\Users\Seareon\documents\visual studio 2010\Projects\ATM_PPvIS\ATM_PPvIS\Debug\Form_error.obj
C:\USERS\SEAREON\DOCUMENTS\VISUAL STUDIO 2010\PROJECTS\ATM_PPVIS\ATM_PPVIS\DEBUG\FORM2.OBJ
C:\USERS\SEAREON\DOCUMENTS\VISUAL STUDIO 2010\PROJECTS\ATM_PPVIS\ATM_PPVIS\DEBUG\FORM3.OBJ
C:\USERS\SEAREON\DOCUMENTS\VISUAL STUDIO 2010\PROJECTS\ATM_PPVIS\ATM_PPVIS\DEBUG\FORM4.OBJ
C:\Users\Seareon\documents\visual studio 2010\Projects\ATM_PPvIS\ATM_PPvIS\Debug\link.1084.read.1.tlog
C:\Users\Seareon\documents\visual studio 2010\Projects\ATM_PPvIS\ATM_PPvIS\Debug\link.1084.write.1.tlog
C:\Users\Seareon\documents\visual studio 2010\Projects\ATM_PPvIS\ATM_PPvIS\Debug\link.1084-cvtres.read.1.tlog
C:\Users\Seareon\documents\visual studio 2010\Projects\ATM_PPvIS\ATM_PPvIS\Debug\link.1084-cvtres.write.1.tlog
C:\Users\Seareon\documents\visual studio 2010\Projects\ATM_PPvIS\ATM_PPvIS\Debug\link.1164.read.1.tlog
C:\Users\Seareon\documents\visual studio 2010\Projects\ATM_PPvIS\ATM_PPvIS\Debug\link.1164.write.1.tlog
C:\Users\Seareon\documents\visual studio 2010\Projects\ATM_PPvIS\ATM_PPvIS\Debug\link.1164-cvtres.read.1.tlog
C:\Users\Seareon\documents\visual studio 2010\Projects\ATM_PPvIS\ATM_PPvIS\Debug\link.1164-cvtres.write.1.tlog
C:\Users\Seareon\documents\visual studio 2010\Projects\ATM_PPvIS\ATM_PPvIS\Debug\link.1268.read.1.tlog
C:\Users\Seareon\documents\visual studio 2010\Projects\ATM_PPvIS\ATM_PPvIS\Debug\link.1268.write.1.tlog
C:\Users\Seareon\documents\visual studio 2010\Projects\ATM_PPvIS\ATM_PPvIS\Debug\link.1268-cvtres.read.1.tlog
C:\Users\Seareon\documents\visual studio 2010\Projects\ATM_PPvIS\ATM_PPvIS\Debug\link.1268-cvtres.write.1.tlog
C:\Users\Seareon\documents\visual studio 2010\Projects\ATM_PPvIS\ATM_PPvIS\Debug\link.1296.read.1.tlog
C:\Users\Seareon\documents\visual studio 2010\Projects\ATM_PPvIS\ATM_PPvIS\Debug\link.1296.write.1.tlog
C:\Users\Seareon\documents\visual studio 2010\Projects\ATM_PPvIS\ATM_PPvIS\Debug\link.1296-cvtres.read.1.tlog
C:\Users\Seareon\documents\visual studio 2010\Projects\ATM_PPvIS\ATM_PPvIS\Debug\link.1296-cvtres.write.1.tlog
C:\Users\Seareon\documents\visual studio 2010\Projects\ATM_PPvIS\ATM_PPvIS\Debug\link.1368.read.1.tlog
C:\Users\Seareon\documents\visual studio 2010\Projects\ATM_PPvIS\ATM_PPvIS\Debug\link.1368.write.1.tlog
C:\Users\Seareon\documents\visual studio 2010\Projects\ATM_PPvIS\ATM_PPvIS\Debug\link.1368-cvtres.read.1.tlog
C:\Users\Seareon\documents\visual studio 2010\Projects\ATM_PPvIS\ATM_PPvIS\Debug\link.1368-cvtres.write.1.tlog
C:\Users\Seareon\documents\visual studio 2010\Projects\ATM_PPvIS\ATM_PPvIS\Debug\link.1604.read.1.tlog
C:\Users\Seareon\documents\visual studio 2010\Projects\ATM_PPvIS\ATM_PPvIS\Debug\link.1604.write.1.tlog
C:\Users\Seareon\documents\visual studio 2010\Projects\ATM_PPvIS\ATM_PPvIS\Debug\link.1604-cvtres.read.1.tlog
C:\Users\Seareon\documents\visual studio 2010\Projects\ATM_PPvIS\ATM_PPvIS\Debug\link.1604-cvtres.write.1.tlog
C:\Users\Seareon\documents\visual studio 2010\Projects\ATM_PPvIS\ATM_PPvIS\Debug\link.1648.read.1.tlog
C:\Users\Seareon\documents\visual studio 2010\Projects\ATM_PPvIS\ATM_PPvIS\Debug\link.1648.write.1.tlog
C:\Users\Seareon\documents\visual studio 2010\Projects\ATM_PPvIS\ATM_PPvIS\Debug\link.1648-cvtres.read.1.tlog
C:\Users\Seareon\documents\visual studio 2010\Projects\ATM_PPvIS\ATM_PPvIS\Debug\link.1648-cvtres.write.1.tlog
C:\Users\Seareon\documents\visual studio 2010\Projects\ATM_PPvIS\ATM_PPvIS\Debug\link.1688.read.1.tlog
C:\Users\Seareon\documents\visual studio 2010\Projects\ATM_PPvIS\ATM_PPvIS\Debug\link.1688.write.1.tlog
C:\Users\Seareon\documents\visual studio 2010\Projects\ATM_PPvIS\ATM_PPvIS\Debug\link.1688-cvtres.read.1.tlog
C:\Users\Seareon\documents\visual studio 2010\Projects\ATM_PPvIS\ATM_PPvIS\Debug\link.1688-cvtres.write.1.tlog
C:\Users\Seareon\documents\visual studio 2010\Projects\ATM_PPvIS\ATM_PPvIS\Debug\link.1704.read.1.tlog
C:\Users\Seareon\documents\visual studio 2010\Projects\ATM_PPvIS\ATM_PPvIS\Debug\link.1704.write.1.tlog
C:\Users\Seareon\documents\visual studio 2010\Projects\ATM_PPvIS\ATM_PPvIS\Debug\link.1704-cvtres.read.1.tlog
C:\Users\Seareon\documents\visual studio 2010\Projects\ATM_PPvIS\ATM_PPvIS\Debug\link.1704-cvtres.write.1.tlog
C:\Users\Seareon\documents\visual studio 2010\Projects\ATM_PPvIS\ATM_PPvIS\Debug\link.1708.read.1.tlog
C:\Users\Seareon\documents\visual studio 2010\Projects\ATM_PPvIS\ATM_PPvIS\Debug\link.1708.write.1.tlog
C:\Users\Seareon\documents\visual studio 2010\Projects\ATM_PPvIS\ATM_PPvIS\Debug\link.1708-cvtres.read.1.tlog
C:\Users\Seareon\documents\visual studio 2010\Projects\ATM_PPvIS\ATM_PPvIS\Debug\link.1708-cvtres.write.1.tlog
C:\Users\Seareon\documents\visual studio 2010\Projects\ATM_PPvIS\ATM_PPvIS\Debug\link.184.read.1.tlog
C:\Users\Seareon\documents\visual studio 2010\Projects\ATM_PPvIS\ATM_PPvIS\Debug\link.184.write.1.tlog
C:\Users\Seareon\documents\visual studio 2010\Projects\ATM_PPvIS\ATM_PPvIS\Debug\link.184-cvtres.read.1.tlog
C:\Users\Seareon\documents\visual studio 2010\Projects\ATM_PPvIS\ATM_PPvIS\Debug\link.184-cvtres.write.1.tlog
C:\Users\Seareon\documents\visual studio 2010\Projects\ATM_PPvIS\ATM_PPvIS\Debug\link.1940.read.1.tlog
C:\Users\Seareon\documents\visual studio 2010\Projects\ATM_PPvIS\ATM_PPvIS\Debug\link.1940.write.1.tlog
C:\Users\Seareon\documents\visual studio 2010\Projects\ATM_PPvIS\ATM_PPvIS\Debug\link.1940-cvtres.read.1.tlog
C:\Users\Seareon\documents\visual studio 2010\Projects\ATM_PPvIS\ATM_PPvIS\Debug\link.1940-cvtres.write.1.tlog
C:\Users\Seareon\documents\visual studio 2010\Projects\ATM_PPvIS\ATM_PPvIS\Debug\link.2060.read.1.tlog
C:\Users\Seareon\documents\visual studio 2010\Projects\ATM_PPvIS\ATM_PPvIS\Debug\link.2060.write.1.tlog
C:\Users\Seareon\documents\visual studio 2010\Projects\ATM_PPvIS\ATM_PPvIS\Debug\link.2060-cvtres.read.1.tlog
C:\Users\Seareon\documents\visual studio 2010\Projects\ATM_PPvIS\ATM_PPvIS\Debug\link.2060-cvtres.write.1.tlog
C:\Users\Seareon\documents\visual studio 2010\Projects\ATM_PPvIS\ATM_PPvIS\Debug\link.2344.read.1.tlog
C:\Users\Seareon\documents\visual studio 2010\Projects\ATM_PPvIS\ATM_PPvIS\Debug\link.2344.write.1.tlog
C:\Users\Seareon\documents\visual studio 2010\Projects\ATM_PPvIS\ATM_PPvIS\Debug\link.2344-cvtres.read.1.tlog
C:\Users\Seareon\documents\visual studio 2010\Projects\ATM_PPvIS\ATM_PPvIS\Debug\link.2344-cvtres.write.1.tlog
C:\Users\Seareon\documents\visual studio 2010\Projects\ATM_PPvIS\ATM_PPvIS\Debug\link.2480.read.1.tlog
C:\Users\Seareon\documents\visual studio 2010\Projects\ATM_PPvIS\ATM_PPvIS\Debug\link.2480.write.1.tlog
C:\Users\Seareon\documents\visual studio 2010\Projects\ATM_PPvIS\ATM_PPvIS\Debug\link.2480-cvtres.read.1.tlog
C:\Users\Seareon\documents\visual studio 2010\Projects\ATM_PPvIS\ATM_PPvIS\Debug\link.2480-cvtres.write.1.tlog
C:\Users\Seareon\documents\visual studio 2010\Projects\ATM_PPvIS\ATM_PPvIS\Debug\link.2540.read.1.tlog
C:\Users\Seareon\documents\visual studio 2010\Projects\ATM_PPvIS\ATM_PPvIS\Debug\link.2540.write.1.tlog
C:\Users\Seareon\documents\visual studio 2010\Projects\ATM_PPvIS\ATM_PPvIS\Debug\link.2540-cvtres.read.1.tlog
C:\Users\Seareon\documents\visual studio 2010\Projects\ATM_PPvIS\ATM_PPvIS\Debug\link.2540-cvtres.write.1.tlog
C:\Users\Seareon\documents\visual studio 2010\Projects\ATM_PPvIS\ATM_PPvIS\Debug\link.2568.read.1.tlog
C:\Users\Seareon\documents\visual studio 2010\Projects\ATM_PPvIS\ATM_PPvIS\Debug\link.2568.write.1.tlog
C:\Users\Seareon\documents\visual studio 2010\Projects\ATM_PPvIS\ATM_PPvIS\Debug\link.2568-cvtres.read.1.tlog
C:\Users\Seareon\documents\visual studio 2010\Projects\ATM_PPvIS\ATM_PPvIS\Debug\link.2568-cvtres.write.1.tlog
C:\Users\Seareon\documents\visual studio 2010\Projects\ATM_PPvIS\ATM_PPvIS\Debug\link.2616.read.1.tlog
C:\Users\Seareon\documents\visual studio 2010\Projects\ATM_PPvIS\ATM_PPvIS\Debug\link.2616.write.1.tlog
C:\Users\Seareon\documents\visual studio 2010\Projects\ATM_PPvIS\ATM_PPvIS\Debug\link.2616-cvtres.read.1.tlog
C:\Users\Seareon\documents\visual studio 2010\Projects\ATM_PPvIS\ATM_PPvIS\Debug\link.2616-cvtres.write.1.tlog
C:\Users\Seareon\documents\visual studio 2010\Projects\ATM_PPvIS\ATM_PPvIS\Debug\link.2648.read.1.tlog
C:\Users\Seareon\documents\visual studio 2010\Projects\ATM_PPvIS\ATM_PPvIS\Debug\link.2648.write.1.tlog
C:\Users\Seareon\documents\visual studio 2010\Projects\ATM_PPvIS\ATM_PPvIS\Debug\link.2648-cvtres.read.1.tlog
C:\Users\Seareon\documents\visual studio 2010\Projects\ATM_PPvIS\ATM_PPvIS\Debug\link.2648-cvtres.write.1.tlog
C:\Users\Seareon\documents\visual studio 2010\Projects\ATM_PPvIS\ATM_PPvIS\Debug\link.2680.read.1.tlog
C:\Users\Seareon\documents\visual studio 2010\Projects\ATM_PPvIS\ATM_PPvIS\Debug\link.2680.write.1.tlog
C:\Users\Seareon\documents\visual studio 2010\Projects\ATM_PPvIS\ATM_PPvIS\Debug\link.2680-cvtres.read.1.tlog
C:\Users\Seareon\documents\visual studio 2010\Projects\ATM_PPvIS\ATM_PPvIS\Debug\link.2680-cvtres.write.1.tlog
C:\Users\Seareon\documents\visual studio 2010\Projects\ATM_PPvIS\ATM_PPvIS\Debug\link.2776.read.1.tlog
C:\Users\Seareon\documents\visual studio 2010\Projects\ATM_PPvIS\ATM_PPvIS\Debug\link.2776.write.1.tlog
C:\Users\Seareon\documents\visual studio 2010\Projects\ATM_PPvIS\ATM_PPvIS\Debug\link.2776-cvtres.read.1.tlog
C:\Users\Seareon\documents\visual studio 2010\Projects\ATM_PPvIS\ATM_PPvIS\Debug\link.2776-cvtres.write.1.tlog
C:\Users\Seareon\documents\visual studio 2010\Projects\ATM_PPvIS\ATM_PPvIS\Debug\link.2784.read.1.tlog
C:\Users\Seareon\documents\visual studio 2010\Projects\ATM_PPvIS\ATM_PPvIS\Debug\link.2784.write.1.tlog
C:\Users\Seareon\documents\visual studio 2010\Projects\ATM_PPvIS\ATM_PPvIS\Debug\link.2784-cvtres.read.1.tlog
C:\Users\Seareon\documents\visual studio 2010\Projects\ATM_PPvIS\ATM_PPvIS\Debug\link.2784-cvtres.write.1.tlog
C:\Users\Seareon\documents\visual studio 2010\Projects\ATM_PPvIS\ATM_PPvIS\Debug\link.2916.read.1.tlog
C:\Users\Seareon\documents\visual studio 2010\Projects\ATM_PPvIS\ATM_PPvIS\Debug\link.2916.write.1.tlog
C:\Users\Seareon\documents\visual studio 2010\Projects\ATM_PPvIS\ATM_PPvIS\Debug\link.2916-cvtres.read.1.tlog
C:\Users\Seareon\documents\visual studio 2010\Projects\ATM_PPvIS\ATM_PPvIS\Debug\link.2916-cvtres.write.1.tlog
C:\Users\Seareon\documents\visual studio 2010\Projects\ATM_PPvIS\ATM_PPvIS\Debug\link.3064.read.1.tlog
C:\Users\Seareon\documents\visual studio 2010\Projects\ATM_PPvIS\ATM_PPvIS\Debug\link.3064.write.1.tlog
C:\Users\Seareon\documents\visual studio 2010\Projects\ATM_PPvIS\ATM_PPvIS\Debug\link.3064-cvtres.read.1.tlog
C:\Users\Seareon\documents\visual studio 2010\Projects\ATM_PPvIS\ATM_PPvIS\Debug\link.3064-cvtres.write.1.tlog
C:\Users\Seareon\documents\visual studio 2010\Projects\ATM_PPvIS\ATM_PPvIS\Debug\link.328.read.1.tlog
C:\Users\Seareon\documents\visual studio 2010\Projects\ATM_PPvIS\ATM_PPvIS\Debug\link.328.write.1.tlog
C:\Users\Seareon\documents\visual studio 2010\Projects\ATM_PPvIS\ATM_PPvIS\Debug\link.3288.read.1.tlog
C:\Users\Seareon\documents\visual studio 2010\Projects\ATM_PPvIS\ATM_PPvIS\Debug\link.3288.write.1.tlog
C:\Users\Seareon\documents\visual studio 2010\Projects\ATM_PPvIS\ATM_PPvIS\Debug\link.3288-cvtres.read.1.tlog
C:\Users\Seareon\documents\visual studio 2010\Projects\ATM_PPvIS\ATM_PPvIS\Debug\link.3288-cvtres.write.1.tlog
C:\Users\Seareon\documents\visual studio 2010\Projects\ATM_PPvIS\ATM_PPvIS\Debug\link.328-cvtres.read.1.tlog
C:\Users\Seareon\documents\visual studio 2010\Projects\ATM_PPvIS\ATM_PPvIS\Debug\link.328-cvtres.write.1.tlog
C:\Users\Seareon\documents\visual studio 2010\Projects\ATM_PPvIS\ATM_PPvIS\Debug\link.3476.read.1.tlog
C:\Users\Seareon\documents\visual studio 2010\Projects\ATM_PPvIS\ATM_PPvIS\Debug\link.3476.write.1.tlog
C:\Users\Seareon\documents\visual studio 2010\Projects\ATM_PPvIS\ATM_PPvIS\Debug\link.3476-cvtres.read.1.tlog
C:\Users\Seareon\documents\visual studio 2010\Projects\ATM_PPvIS\ATM_PPvIS\Debug\link.3476-cvtres.write.1.tlog
C:\Users\Seareon\documents\visual studio 2010\Projects\ATM_PPvIS\ATM_PPvIS\Debug\link.3492.read.1.tlog
C:\Users\Seareon\documents\visual studio 2010\Projects\ATM_PPvIS\ATM_PPvIS\Debug\link.3492.write.1.tlog
C:\Users\Seareon\documents\visual studio 2010\Projects\ATM_PPvIS\ATM_PPvIS\Debug\link.3492-cvtres.read.1.tlog
C:\Users\Seareon\documents\visual studio 2010\Projects\ATM_PPvIS\ATM_PPvIS\Debug\link.3492-cvtres.write.1.tlog
C:\Users\Seareon\documents\visual studio 2010\Projects\ATM_PPvIS\ATM_PPvIS\Debug\link.3772.read.1.tlog
C:\Users\Seareon\documents\visual studio 2010\Projects\ATM_PPvIS\ATM_PPvIS\Debug\link.3772.write.1.tlog
C:\Users\Seareon\documents\visual studio 2010\Projects\ATM_PPvIS\ATM_PPvIS\Debug\link.3772-cvtres.read.1.tlog
C:\Users\Seareon\documents\visual studio 2010\Projects\ATM_PPvIS\ATM_PPvIS\Debug\link.3772-cvtres.write.1.tlog
C:\Users\Seareon\documents\visual studio 2010\Projects\ATM_PPvIS\ATM_PPvIS\Debug\link.3800.read.1.tlog
C:\Users\Seareon\documents\visual studio 2010\Projects\ATM_PPvIS\ATM_PPvIS\Debug\link.3800.write.1.tlog
C:\Users\Seareon\documents\visual studio 2010\Projects\ATM_PPvIS\ATM_PPvIS\Debug\link.3800-cvtres.read.1.tlog
C:\Users\Seareon\documents\visual studio 2010\Projects\ATM_PPvIS\ATM_PPvIS\Debug\link.3800-cvtres.write.1.tlog
C:\Users\Seareon\documents\visual studio 2010\Projects\ATM_PPvIS\ATM_PPvIS\Debug\link.3836.read.1.tlog
C:\Users\Seareon\documents\visual studio 2010\Projects\ATM_PPvIS\ATM_PPvIS\Debug\link.3836.write.1.tlog
C:\Users\Seareon\documents\visual studio 2010\Projects\ATM_PPvIS\ATM_PPvIS\Debug\link.3836-cvtres.read.1.tlog
C:\Users\Seareon\documents\visual studio 2010\Projects\ATM_PPvIS\ATM_PPvIS\Debug\link.3836-cvtres.write.1.tlog
C:\Users\Seareon\documents\visual studio 2010\Projects\ATM_PPvIS\ATM_PPvIS\Debug\link.3848.read.1.tlog
C:\Users\Seareon\documents\visual studio 2010\Projects\ATM_PPvIS\ATM_PPvIS\Debug\link.3848.write.1.tlog
C:\Users\Seareon\documents\visual studio 2010\Projects\ATM_PPvIS\ATM_PPvIS\Debug\link.3848-cvtres.read.1.tlog
C:\Users\Seareon\documents\visual studio 2010\Projects\ATM_PPvIS\ATM_PPvIS\Debug\link.3848-cvtres.write.1.tlog
C:\Users\Seareon\documents\visual studio 2010\Projects\ATM_PPvIS\ATM_PPvIS\Debug\link.3852.read.1.tlog
C:\Users\Seareon\documents\visual studio 2010\Projects\ATM_PPvIS\ATM_PPvIS\Debug\link.3852.write.1.tlog
C:\Users\Seareon\documents\visual studio 2010\Projects\ATM_PPvIS\ATM_PPvIS\Debug\link.3852-cvtres.read.1.tlog
C:\Users\Seareon\documents\visual studio 2010\Projects\ATM_PPvIS\ATM_PPvIS\Debug\link.3852-cvtres.write.1.tlog
C:\Users\Seareon\documents\visual studio 2010\Projects\ATM_PPvIS\ATM_PPvIS\Debug\link.3956.read.1.tlog
C:\Users\Seareon\documents\visual studio 2010\Projects\ATM_PPvIS\ATM_PPvIS\Debug\link.3956.write.1.tlog
C:\Users\Seareon\documents\visual studio 2010\Projects\ATM_PPvIS\ATM_PPvIS\Debug\link.3956-cvtres.read.1.tlog
C:\Users\Seareon\documents\visual studio 2010\Projects\ATM_PPvIS\ATM_PPvIS\Debug\link.3956-cvtres.write.1.tlog
C:\Users\Seareon\documents\visual studio 2010\Projects\ATM_PPvIS\ATM_PPvIS\Debug\link.3980.read.1.tlog
C:\Users\Seareon\documents\visual studio 2010\Projects\ATM_PPvIS\ATM_PPvIS\Debug\link.3980.write.1.tlog
C:\Users\Seareon\documents\visual studio 2010\Projects\ATM_PPvIS\ATM_PPvIS\Debug\link.3980-cvtres.read.1.tlog
C:\Users\Seareon\documents\visual studio 2010\Projects\ATM_PPvIS\ATM_PPvIS\Debug\link.3980-cvtres.write.1.tlog
C:\Users\Seareon\documents\visual studio 2010\Projects\ATM_PPvIS\ATM_PPvIS\Debug\link.4044.read.1.tlog
C:\Users\Seareon\documents\visual studio 2010\Projects\ATM_PPvIS\ATM_PPvIS\Debug\link.4044.write.1.tlog
C:\Users\Seareon\documents\visual studio 2010\Projects\ATM_PPvIS\ATM_PPvIS\Debug\link.4044-cvtres.read.1.tlog
C:\Users\Seareon\documents\visual studio 2010\Projects\ATM_PPvIS\ATM_PPvIS\Debug\link.4044-cvtres.write.1.tlog
C:\Users\Seareon\documents\visual studio 2010\Projects\ATM_PPvIS\ATM_PPvIS\Debug\link.4112.read.1.tlog
C:\Users\Seareon\documents\visual studio 2010\Projects\ATM_PPvIS\ATM_PPvIS\Debug\link.4112.write.1.tlog
C:\Users\Seareon\documents\visual studio 2010\Projects\ATM_PPvIS\ATM_PPvIS\Debug\link.4112-cvtres.read.1.tlog
C:\Users\Seareon\documents\visual studio 2010\Projects\ATM_PPvIS\ATM_PPvIS\Debug\link.4112-cvtres.write.1.tlog
C:\Users\Seareon\documents\visual studio 2010\Projects\ATM_PPvIS\ATM_PPvIS\Debug\link.4176.read.1.tlog
C:\Users\Seareon\documents\visual studio 2010\Projects\ATM_PPvIS\ATM_PPvIS\Debug\link.4176.write.1.tlog
C:\Users\Seareon\documents\visual studio 2010\Projects\ATM_PPvIS\ATM_PPvIS\Debug\link.4176-cvtres.read.1.tlog
C:\Users\Seareon\documents\visual studio 2010\Projects\ATM_PPvIS\ATM_PPvIS\Debug\link.4176-cvtres.write.1.tlog
C:\Users\Seareon\documents\visual studio 2010\Projects\ATM_PPvIS\ATM_PPvIS\Debug\link.4192.read.1.tlog
C:\Users\Seareon\documents\visual studio 2010\Projects\ATM_PPvIS\ATM_PPvIS\Debug\link.4192.write.1.tlog
C:\Users\Seareon\documents\visual studio 2010\Projects\ATM_PPvIS\ATM_PPvIS\Debug\link.4192-cvtres.read.1.tlog
C:\Users\Seareon\documents\visual studio 2010\Projects\ATM_PPvIS\ATM_PPvIS\Debug\link.4192-cvtres.write.1.tlog
C:\Users\Seareon\documents\visual studio 2010\Projects\ATM_PPvIS\ATM_PPvIS\Debug\link.4260.read.1.tlog
C:\Users\Seareon\documents\visual studio 2010\Projects\ATM_PPvIS\ATM_PPvIS\Debug\link.4260.write.1.tlog
C:\Users\Seareon\documents\visual studio 2010\Projects\ATM_PPvIS\ATM_PPvIS\Debug\link.4260-cvtres.read.1.tlog
C:\Users\Seareon\documents\visual studio 2010\Projects\ATM_PPvIS\ATM_PPvIS\Debug\link.4260-cvtres.write.1.tlog
C:\Users\Seareon\documents\visual studio 2010\Projects\ATM_PPvIS\ATM_PPvIS\Debug\link.4320.read.1.tlog
C:\Users\Seareon\documents\visual studio 2010\Projects\ATM_PPvIS\ATM_PPvIS\Debug\link.4320.write.1.tlog
C:\Users\Seareon\documents\visual studio 2010\Projects\ATM_PPvIS\ATM_PPvIS\Debug\link.4320-cvtres.read.1.tlog
C:\Users\Seareon\documents\visual studio 2010\Projects\ATM_PPvIS\ATM_PPvIS\Debug\link.4320-cvtres.write.1.tlog
C:\Users\Seareon\documents\visual studio 2010\Projects\ATM_PPvIS\ATM_PPvIS\Debug\link.4356.read.1.tlog
C:\Users\Seareon\documents\visual studio 2010\Projects\ATM_PPvIS\ATM_PPvIS\Debug\link.4356.write.1.tlog
C:\Users\Seareon\documents\visual studio 2010\Projects\ATM_PPvIS\ATM_PPvIS\Debug\link.4356-cvtres.read.1.tlog
C:\Users\Seareon\documents\visual studio 2010\Projects\ATM_PPvIS\ATM_PPvIS\Debug\link.4356-cvtres.write.1.tlog
C:\Users\Seareon\documents\visual studio 2010\Projects\ATM_PPvIS\ATM_PPvIS\Debug\link.4452.read.1.tlog
C:\Users\Seareon\documents\visual studio 2010\Projects\ATM_PPvIS\ATM_PPvIS\Debug\link.4452.write.1.tlog
C:\Users\Seareon\documents\visual studio 2010\Projects\ATM_PPvIS\ATM_PPvIS\Debug\link.4452-cvtres.read.1.tlog
C:\Users\Seareon\documents\visual studio 2010\Projects\ATM_PPvIS\ATM_PPvIS\Debug\link.4452-cvtres.write.1.tlog
C:\Users\Seareon\documents\visual studio 2010\Projects\ATM_PPvIS\ATM_PPvIS\Debug\link.4520.read.1.tlog
C:\Users\Seareon\documents\visual studio 2010\Projects\ATM_PPvIS\ATM_PPvIS\Debug\link.4520.write.1.tlog
C:\Users\Seareon\documents\visual studio 2010\Projects\ATM_PPvIS\ATM_PPvIS\Debug\link.4520-cvtres.read.1.tlog
C:\Users\Seareon\documents\visual studio 2010\Projects\ATM_PPvIS\ATM_PPvIS\Debug\link.4520-cvtres.write.1.tlog
C:\Users\Seareon\documents\visual studio 2010\Projects\ATM_PPvIS\ATM_PPvIS\Debug\link.4604.read.1.tlog
C:\Users\Seareon\documents\visual studio 2010\Projects\ATM_PPvIS\ATM_PPvIS\Debug\link.4604.write.1.tlog
C:\Users\Seareon\documents\visual studio 2010\Projects\ATM_PPvIS\ATM_PPvIS\Debug\link.4604-cvtres.read.1.tlog
C:\Users\Seareon\documents\visual studio 2010\Projects\ATM_PPvIS\ATM_PPvIS\Debug\link.4604-cvtres.write.1.tlog
C:\Users\Seareon\documents\visual studio 2010\Projects\ATM_PPvIS\ATM_PPvIS\Debug\link.4668.read.1.tlog
C:\Users\Seareon\documents\visual studio 2010\Projects\ATM_PPvIS\ATM_PPvIS\Debug\link.4668.write.1.tlog
C:\Users\Seareon\documents\visual studio 2010\Projects\ATM_PPvIS\ATM_PPvIS\Debug\link.4668-cvtres.read.1.tlog
C:\Users\Seareon\documents\visual studio 2010\Projects\ATM_PPvIS\ATM_PPvIS\Debug\link.4668-cvtres.write.1.tlog
C:\Users\Seareon\documents\visual studio 2010\Projects\ATM_PPvIS\ATM_PPvIS\Debug\link.4796.read.1.tlog
C:\Users\Seareon\documents\visual studio 2010\Projects\ATM_PPvIS\ATM_PPvIS\Debug\link.4796.write.1.tlog
C:\Users\Seareon\documents\visual studio 2010\Projects\ATM_PPvIS\ATM_PPvIS\Debug\link.4796-cvtres.read.1.tlog
C:\Users\Seareon\documents\visual studio 2010\Projects\ATM_PPvIS\ATM_PPvIS\Debug\link.4796-cvtres.write.1.tlog
C:\Users\Seareon\documents\visual studio 2010\Projects\ATM_PPvIS\ATM_PPvIS\Debug\link.4860.read.1.tlog
C:\Users\Seareon\documents\visual studio 2010\Projects\ATM_PPvIS\ATM_PPvIS\Debug\link.4860.write.1.tlog
C:\Users\Seareon\documents\visual studio 2010\Projects\ATM_PPvIS\ATM_PPvIS\Debug\link.4860-cvtres.read.1.tlog
C:\Users\Seareon\documents\visual studio 2010\Projects\ATM_PPvIS\ATM_PPvIS\Debug\link.4860-cvtres.write.1.tlog
C:\Users\Seareon\documents\visual studio 2010\Projects\ATM_PPvIS\ATM_PPvIS\Debug\link.4916.read.1.tlog
C:\Users\Seareon\documents\visual studio 2010\Projects\ATM_PPvIS\ATM_PPvIS\Debug\link.4916.write.1.tlog
C:\Users\Seareon\documents\visual studio 2010\Projects\ATM_PPvIS\ATM_PPvIS\Debug\link.4916-cvtres.read.1.tlog
C:\Users\Seareon\documents\visual studio 2010\Projects\ATM_PPvIS\ATM_PPvIS\Debug\link.4916-cvtres.write.1.tlog
C:\Users\Seareon\documents\visual studio 2010\Projects\ATM_PPvIS\ATM_PPvIS\Debug\link.4920.read.1.tlog
C:\Users\Seareon\documents\visual studio 2010\Projects\ATM_PPvIS\ATM_PPvIS\Debug\link.4920.write.1.tlog
C:\Users\Seareon\documents\visual studio 2010\Projects\ATM_PPvIS\ATM_PPvIS\Debug\link.4920-cvtres.read.1.tlog
C:\Users\Seareon\documents\visual studio 2010\Projects\ATM_PPvIS\ATM_PPvIS\Debug\link.4920-cvtres.write.1.tlog
C:\Users\Seareon\documents\visual studio 2010\Projects\ATM_PPvIS\ATM_PPvIS\Debug\link.4924.read.1.tlog
C:\Users\Seareon\documents\visual studio 2010\Projects\ATM_PPvIS\ATM_PPvIS\Debug\link.4924.write.1.tlog
C:\Users\Seareon\documents\visual studio 2010\Projects\ATM_PPvIS\ATM_PPvIS\Debug\link.4924-cvtres.read.1.tlog
C:\Users\Seareon\documents\visual studio 2010\Projects\ATM_PPvIS\ATM_PPvIS\Debug\link.4924-cvtres.write.1.tlog
C:\Users\Seareon\documents\visual studio 2010\Projects\ATM_PPvIS\ATM_PPvIS\Debug\link.4968.read.1.tlog
C:\Users\Seareon\documents\visual studio 2010\Projects\ATM_PPvIS\ATM_PPvIS\Debug\link.4968.write.1.tlog
C:\Users\Seareon\documents\visual studio 2010\Projects\ATM_PPvIS\ATM_PPvIS\Debug\link.4968-cvtres.read.1.tlog
C:\Users\Seareon\documents\visual studio 2010\Projects\ATM_PPvIS\ATM_PPvIS\Debug\link.4968-cvtres.write.1.tlog
C:\Users\Seareon\documents\visual studio 2010\Projects\ATM_PPvIS\ATM_PPvIS\Debug\link.4992.read.1.tlog
C:\Users\Seareon\documents\visual studio 2010\Projects\ATM_PPvIS\ATM_PPvIS\Debug\link.4992.write.1.tlog
C:\Users\Seareon\documents\visual studio 2010\Projects\ATM_PPvIS\ATM_PPvIS\Debug\link.4992-cvtres.read.1.tlog
C:\Users\Seareon\documents\visual studio 2010\Projects\ATM_PPvIS\ATM_PPvIS\Debug\link.4992-cvtres.write.1.tlog
C:\Users\Seareon\documents\visual studio 2010\Projects\ATM_PPvIS\ATM_PPvIS\Debug\link.5084.read.1.tlog
C:\Users\Seareon\documents\visual studio 2010\Projects\ATM_PPvIS\ATM_PPvIS\Debug\link.5084.write.1.tlog
C:\Users\Seareon\documents\visual studio 2010\Projects\ATM_PPvIS\ATM_PPvIS\Debug\link.5084-cvtres.read.1.tlog
C:\Users\Seareon\documents\visual studio 2010\Projects\ATM_PPvIS\ATM_PPvIS\Debug\link.5084-cvtres.write.1.tlog
C:\Users\Seareon\documents\visual studio 2010\Projects\ATM_PPvIS\ATM_PPvIS\Debug\link.5100.read.1.tlog
C:\Users\Seareon\documents\visual studio 2010\Projects\ATM_PPvIS\ATM_PPvIS\Debug\link.5100.write.1.tlog
C:\Users\Seareon\documents\visual studio 2010\Projects\ATM_PPvIS\ATM_PPvIS\Debug\link.5100-cvtres.read.1.tlog
C:\Users\Seareon\documents\visual studio 2010\Projects\ATM_PPvIS\ATM_PPvIS\Debug\link.5100-cvtres.write.1.tlog
C:\Users\Seareon\documents\visual studio 2010\Projects\ATM_PPvIS\ATM_PPvIS\Debug\link.5148.read.1.tlog
C:\Users\Seareon\documents\visual studio 2010\Projects\ATM_PPvIS\ATM_PPvIS\Debug\link.5148.write.1.tlog
C:\Users\Seareon\documents\visual studio 2010\Projects\ATM_PPvIS\ATM_PPvIS\Debug\link.5148-cvtres.read.1.tlog
C:\Users\Seareon\documents\visual studio 2010\Projects\ATM_PPvIS\ATM_PPvIS\Debug\link.5148-cvtres.write.1.tlog
C:\Users\Seareon\documents\visual studio 2010\Projects\ATM_PPvIS\ATM_PPvIS\Debug\link.5160.read.1.tlog
C:\Users\Seareon\documents\visual studio 2010\Projects\ATM_PPvIS\ATM_PPvIS\Debug\link.5160.write.1.tlog
C:\Users\Seareon\documents\visual studio 2010\Projects\ATM_PPvIS\ATM_PPvIS\Debug\link.5160-cvtres.read.1.tlog
C:\Users\Seareon\documents\visual studio 2010\Projects\ATM_PPvIS\ATM_PPvIS\Debug\link.5160-cvtres.write.1.tlog
C:\Users\Seareon\documents\visual studio 2010\Projects\ATM_PPvIS\ATM_PPvIS\Debug\link.5168.read.1.tlog
C:\Users\Seareon\documents\visual studio 2010\Projects\ATM_PPvIS\ATM_PPvIS\Debug\link.5168.write.1.tlog
C:\Users\Seareon\documents\visual studio 2010\Projects\ATM_PPvIS\ATM_PPvIS\Debug\link.5168-cvtres.read.1.tlog
C:\Users\Seareon\documents\visual studio 2010\Projects\ATM_PPvIS\ATM_PPvIS\Debug\link.5168-cvtres.write.1.tlog
C:\Users\Seareon\documents\visual studio 2010\Projects\ATM_PPvIS\ATM_PPvIS\Debug\link.520.read.1.tlog
C:\Users\Seareon\documents\visual studio 2010\Projects\ATM_PPvIS\ATM_PPvIS\Debug\link.520.write.1.tlog
C:\Users\Seareon\documents\visual studio 2010\Projects\ATM_PPvIS\ATM_PPvIS\Debug\link.520-cvtres.read.1.tlog
C:\Users\Seareon\documents\visual studio 2010\Projects\ATM_PPvIS\ATM_PPvIS\Debug\link.520-cvtres.write.1.tlog
C:\Users\Seareon\documents\visual studio 2010\Projects\ATM_PPvIS\ATM_PPvIS\Debug\link.5232.read.1.tlog
C:\Users\Seareon\documents\visual studio 2010\Projects\ATM_PPvIS\ATM_PPvIS\Debug\link.5232.write.1.tlog
C:\Users\Seareon\documents\visual studio 2010\Projects\ATM_PPvIS\ATM_PPvIS\Debug\link.5232-cvtres.read.1.tlog
C:\Users\Seareon\documents\visual studio 2010\Projects\ATM_PPvIS\ATM_PPvIS\Debug\link.5232-cvtres.write.1.tlog
C:\Users\Seareon\documents\visual studio 2010\Projects\ATM_PPvIS\ATM_PPvIS\Debug\link.5256.read.1.tlog
C:\Users\Seareon\documents\visual studio 2010\Projects\ATM_PPvIS\ATM_PPvIS\Debug\link.5256.write.1.tlog
C:\Users\Seareon\documents\visual studio 2010\Projects\ATM_PPvIS\ATM_PPvIS\Debug\link.5256-cvtres.read.1.tlog
C:\Users\Seareon\documents\visual studio 2010\Projects\ATM_PPvIS\ATM_PPvIS\Debug\link.5256-cvtres.write.1.tlog
C:\Users\Seareon\documents\visual studio 2010\Projects\ATM_PPvIS\ATM_PPvIS\Debug\link.5280.read.1.tlog
C:\Users\Seareon\documents\visual studio 2010\Projects\ATM_PPvIS\ATM_PPvIS\Debug\link.5280.write.1.tlog
C:\Users\Seareon\documents\visual studio 2010\Projects\ATM_PPvIS\ATM_PPvIS\Debug\link.5280-cvtres.read.1.tlog
C:\Users\Seareon\documents\visual studio 2010\Projects\ATM_PPvIS\ATM_PPvIS\Debug\link.5280-cvtres.write.1.tlog
C:\Users\Seareon\documents\visual studio 2010\Projects\ATM_PPvIS\ATM_PPvIS\Debug\link.5300.read.1.tlog
C:\Users\Seareon\documents\visual studio 2010\Projects\ATM_PPvIS\ATM_PPvIS\Debug\link.5300.write.1.tlog
C:\Users\Seareon\documents\visual studio 2010\Projects\ATM_PPvIS\ATM_PPvIS\Debug\link.5300-cvtres.read.1.tlog
C:\Users\Seareon\documents\visual studio 2010\Projects\ATM_PPvIS\ATM_PPvIS\Debug\link.5300-cvtres.write.1.tlog
C:\Users\Seareon\documents\visual studio 2010\Projects\ATM_PPvIS\ATM_PPvIS\Debug\link.5324.read.1.tlog
C:\Users\Seareon\documents\visual studio 2010\Projects\ATM_PPvIS\ATM_PPvIS\Debug\link.5324.write.1.tlog
C:\Users\Seareon\documents\visual studio 2010\Projects\ATM_PPvIS\ATM_PPvIS\Debug\link.5324-cvtres.read.1.tlog
C:\Users\Seareon\documents\visual studio 2010\Projects\ATM_PPvIS\ATM_PPvIS\Debug\link.5324-cvtres.write.1.tlog
C:\Users\Seareon\documents\visual studio 2010\Projects\ATM_PPvIS\ATM_PPvIS\Debug\link.5364.read.1.tlog
C:\Users\Seareon\documents\visual studio 2010\Projects\ATM_PPvIS\ATM_PPvIS\Debug\link.5364.write.1.tlog
C:\Users\Seareon\documents\visual studio 2010\Projects\ATM_PPvIS\ATM_PPvIS\Debug\link.5364-cvtres.read.1.tlog
C:\Users\Seareon\documents\visual studio 2010\Projects\ATM_PPvIS\ATM_PPvIS\Debug\link.5364-cvtres.write.1.tlog
C:\Users\Seareon\documents\visual studio 2010\Projects\ATM_PPvIS\ATM_PPvIS\Debug\link.5376.read.1.tlog
C:\Users\Seareon\documents\visual studio 2010\Projects\ATM_PPvIS\ATM_PPvIS\Debug\link.5376.write.1.tlog
C:\Users\Seareon\documents\visual studio 2010\Projects\ATM_PPvIS\ATM_PPvIS\Debug\link.5376-cvtres.read.1.tlog
C:\Users\Seareon\documents\visual studio 2010\Projects\ATM_PPvIS\ATM_PPvIS\Debug\link.5376-cvtres.write.1.tlog
C:\Users\Seareon\documents\visual studio 2010\Projects\ATM_PPvIS\ATM_PPvIS\Debug\link.5392.read.1.tlog
C:\Users\Seareon\documents\visual studio 2010\Projects\ATM_PPvIS\ATM_PPvIS\Debug\link.5392.write.1.tlog
C:\Users\Seareon\documents\visual studio 2010\Projects\ATM_PPvIS\ATM_PPvIS\Debug\link.5392-cvtres.read.1.tlog
C:\Users\Seareon\documents\visual studio 2010\Projects\ATM_PPvIS\ATM_PPvIS\Debug\link.5392-cvtres.write.1.tlog
C:\Users\Seareon\documents\visual studio 2010\Projects\ATM_PPvIS\ATM_PPvIS\Debug\link.5396.read.1.tlog
C:\Users\Seareon\documents\visual studio 2010\Projects\ATM_PPvIS\ATM_PPvIS\Debug\link.5396.write.1.tlog
C:\Users\Seareon\documents\visual studio 2010\Projects\ATM_PPvIS\ATM_PPvIS\Debug\link.5396-cvtres.read.1.tlog
C:\Users\Seareon\documents\visual studio 2010\Projects\ATM_PPvIS\ATM_PPvIS\Debug\link.5396-cvtres.write.1.tlog
C:\Users\Seareon\documents\visual studio 2010\Projects\ATM_PPvIS\ATM_PPvIS\Debug\link.5464.read.1.tlog
C:\Users\Seareon\documents\visual studio 2010\Projects\ATM_PPvIS\ATM_PPvIS\Debug\link.5464.write.1.tlog
C:\Users\Seareon\documents\visual studio 2010\Projects\ATM_PPvIS\ATM_PPvIS\Debug\link.5464-cvtres.read.1.tlog
C:\Users\Seareon\documents\visual studio 2010\Projects\ATM_PPvIS\ATM_PPvIS\Debug\link.5464-cvtres.write.1.tlog
C:\Users\Seareon\documents\visual studio 2010\Projects\ATM_PPvIS\ATM_PPvIS\Debug\link.5488.read.1.tlog
C:\Users\Seareon\documents\visual studio 2010\Projects\ATM_PPvIS\ATM_PPvIS\Debug\link.5488.write.1.tlog
C:\Users\Seareon\documents\visual studio 2010\Projects\ATM_PPvIS\ATM_PPvIS\Debug\link.5488-cvtres.read.1.tlog
C:\Users\Seareon\documents\visual studio 2010\Projects\ATM_PPvIS\ATM_PPvIS\Debug\link.5488-cvtres.write.1.tlog
C:\Users\Seareon\documents\visual studio 2010\Projects\ATM_PPvIS\ATM_PPvIS\Debug\link.5532.read.1.tlog
C:\Users\Seareon\documents\visual studio 2010\Projects\ATM_PPvIS\ATM_PPvIS\Debug\link.5532.write.1.tlog
C:\Users\Seareon\documents\visual studio 2010\Projects\ATM_PPvIS\ATM_PPvIS\Debug\link.5532-cvtres.read.1.tlog
C:\Users\Seareon\documents\visual studio 2010\Projects\ATM_PPvIS\ATM_PPvIS\Debug\link.5532-cvtres.write.1.tlog
C:\Users\Seareon\documents\visual studio 2010\Projects\ATM_PPvIS\ATM_PPvIS\Debug\link.5616.read.1.tlog
C:\Users\Seareon\documents\visual studio 2010\Projects\ATM_PPvIS\ATM_PPvIS\Debug\link.5616.write.1.tlog
C:\Users\Seareon\documents\visual studio 2010\Projects\ATM_PPvIS\ATM_PPvIS\Debug\link.5616-cvtres.read.1.tlog
C:\Users\Seareon\documents\visual studio 2010\Projects\ATM_PPvIS\ATM_PPvIS\Debug\link.5616-cvtres.write.1.tlog
C:\Users\Seareon\documents\visual studio 2010\Projects\ATM_PPvIS\ATM_PPvIS\Debug\link.5640.read.1.tlog
C:\Users\Seareon\documents\visual studio 2010\Projects\ATM_PPvIS\ATM_PPvIS\Debug\link.5640.write.1.tlog
C:\Users\Seareon\documents\visual studio 2010\Projects\ATM_PPvIS\ATM_PPvIS\Debug\link.5640-cvtres.read.1.tlog
C:\Users\Seareon\documents\visual studio 2010\Projects\ATM_PPvIS\ATM_PPvIS\Debug\link.5640-cvtres.write.1.tlog
C:\Users\Seareon\documents\visual studio 2010\Projects\ATM_PPvIS\ATM_PPvIS\Debug\link.5680.read.1.tlog
C:\Users\Seareon\documents\visual studio 2010\Projects\ATM_PPvIS\ATM_PPvIS\Debug\link.5680.write.1.tlog
C:\Users\Seareon\documents\visual studio 2010\Projects\ATM_PPvIS\ATM_PPvIS\Debug\link.5680-cvtres.read.1.tlog
C:\Users\Seareon\documents\visual studio 2010\Projects\ATM_PPvIS\ATM_PPvIS\Debug\link.5680-cvtres.write.1.tlog
C:\Users\Seareon\documents\visual studio 2010\Projects\ATM_PPvIS\ATM_PPvIS\Debug\link.5684.read.1.tlog
C:\Users\Seareon\documents\visual studio 2010\Projects\ATM_PPvIS\ATM_PPvIS\Debug\link.5684.write.1.tlog
C:\Users\Seareon\documents\visual studio 2010\Projects\ATM_PPvIS\ATM_PPvIS\Debug\link.5684-cvtres.read.1.tlog
C:\Users\Seareon\documents\visual studio 2010\Projects\ATM_PPvIS\ATM_PPvIS\Debug\link.5684-cvtres.write.1.tlog
C:\Users\Seareon\documents\visual studio 2010\Projects\ATM_PPvIS\ATM_PPvIS\Debug\link.5696.read.1.tlog
C:\Users\Seareon\documents\visual studio 2010\Projects\ATM_PPvIS\ATM_PPvIS\Debug\link.5696.write.1.tlog
C:\Users\Seareon\documents\visual studio 2010\Projects\ATM_PPvIS\ATM_PPvIS\Debug\link.5696-cvtres.read.1.tlog
C:\Users\Seareon\documents\visual studio 2010\Projects\ATM_PPvIS\ATM_PPvIS\Debug\link.5696-cvtres.write.1.tlog
C:\Users\Seareon\documents\visual studio 2010\Projects\ATM_PPvIS\ATM_PPvIS\Debug\link.5728.read.1.tlog
C:\Users\Seareon\documents\visual studio 2010\Projects\ATM_PPvIS\ATM_PPvIS\Debug\link.5728.write.1.tlog
C:\Users\Seareon\documents\visual studio 2010\Projects\ATM_PPvIS\ATM_PPvIS\Debug\link.5728-cvtres.read.1.tlog
C:\Users\Seareon\documents\visual studio 2010\Projects\ATM_PPvIS\ATM_PPvIS\Debug\link.5728-cvtres.write.1.tlog
C:\Users\Seareon\documents\visual studio 2010\Projects\ATM_PPvIS\ATM_PPvIS\Debug\link.5756.read.1.tlog
C:\Users\Seareon\documents\visual studio 2010\Projects\ATM_PPvIS\ATM_PPvIS\Debug\link.5756.write.1.tlog
C:\Users\Seareon\documents\visual studio 2010\Projects\ATM_PPvIS\ATM_PPvIS\Debug\link.5756-cvtres.read.1.tlog
C:\Users\Seareon\documents\visual studio 2010\Projects\ATM_PPvIS\ATM_PPvIS\Debug\link.5756-cvtres.write.1.tlog
C:\Users\Seareon\documents\visual studio 2010\Projects\ATM_PPvIS\ATM_PPvIS\Debug\link.5828.read.1.tlog
C:\Users\Seareon\documents\visual studio 2010\Projects\ATM_PPvIS\ATM_PPvIS\Debug\link.5828.write.1.tlog
C:\Users\Seareon\documents\visual studio 2010\Projects\ATM_PPvIS\ATM_PPvIS\Debug\link.5828-cvtres.read.1.tlog
C:\Users\Seareon\documents\visual studio 2010\Projects\ATM_PPvIS\ATM_PPvIS\Debug\link.5828-cvtres.write.1.tlog
C:\Users\Seareon\documents\visual studio 2010\Projects\ATM_PPvIS\ATM_PPvIS\Debug\link.5868.read.1.tlog
C:\Users\Seareon\documents\visual studio 2010\Projects\ATM_PPvIS\ATM_PPvIS\Debug\link.5868.write.1.tlog
C:\Users\Seareon\documents\visual studio 2010\Projects\ATM_PPvIS\ATM_PPvIS\Debug\link.5868-cvtres.read.1.tlog
C:\Users\Seareon\documents\visual studio 2010\Projects\ATM_PPvIS\ATM_PPvIS\Debug\link.5868-cvtres.write.1.tlog
C:\Users\Seareon\documents\visual studio 2010\Projects\ATM_PPvIS\ATM_PPvIS\Debug\link.5892.read.1.tlog
C:\Users\Seareon\documents\visual studio 2010\Projects\ATM_PPvIS\ATM_PPvIS\Debug\link.5892.write.1.tlog
C:\Users\Seareon\documents\visual studio 2010\Projects\ATM_PPvIS\ATM_PPvIS\Debug\link.5892-cvtres.read.1.tlog
C:\Users\Seareon\documents\visual studio 2010\Projects\ATM_PPvIS\ATM_PPvIS\Debug\link.5892-cvtres.write.1.tlog
C:\Users\Seareon\documents\visual studio 2010\Projects\ATM_PPvIS\ATM_PPvIS\Debug\link.5956.read.1.tlog
C:\Users\Seareon\documents\visual studio 2010\Projects\ATM_PPvIS\ATM_PPvIS\Debug\link.5956.write.1.tlog
C:\Users\Seareon\documents\visual studio 2010\Projects\ATM_PPvIS\ATM_PPvIS\Debug\link.5956-cvtres.read.1.tlog
C:\Users\Seareon\documents\visual studio 2010\Projects\ATM_PPvIS\ATM_PPvIS\Debug\link.5956-cvtres.write.1.tlog
C:\Users\Seareon\documents\visual studio 2010\Projects\ATM_PPvIS\ATM_PPvIS\Debug\link.5992.read.1.tlog
C:\Users\Seareon\documents\visual studio 2010\Projects\ATM_PPvIS\ATM_PPvIS\Debug\link.5992.write.1.tlog
C:\Users\Seareon\documents\visual studio 2010\Projects\ATM_PPvIS\ATM_PPvIS\Debug\link.5992-cvtres.read.1.tlog
C:\Users\Seareon\documents\visual studio 2010\Projects\ATM_PPvIS\ATM_PPvIS\Debug\link.5992-cvtres.write.1.tlog
C:\Users\Seareon\documents\visual studio 2010\Projects\ATM_PPvIS\ATM_PPvIS\Debug\link.5996.read.1.tlog
C:\Users\Seareon\documents\visual studio 2010\Projects\ATM_PPvIS\ATM_PPvIS\Debug\link.5996.write.1.tlog
C:\Users\Seareon\documents\visual studio 2010\Projects\ATM_PPvIS\ATM_PPvIS\Debug\link.5996-cvtres.read.1.tlog
C:\Users\Seareon\documents\visual studio 2010\Projects\ATM_PPvIS\ATM_PPvIS\Debug\link.5996-cvtres.write.1.tlog
C:\Users\Seareon\documents\visual studio 2010\Projects\ATM_PPvIS\ATM_PPvIS\Debug\link.6032.read.1.tlog
C:\Users\Seareon\documents\visual studio 2010\Projects\ATM_PPvIS\ATM_PPvIS\Debug\link.6032.write.1.tlog
C:\Users\Seareon\documents\visual studio 2010\Projects\ATM_PPvIS\ATM_PPvIS\Debug\link.6032-cvtres.read.1.tlog
C:\Users\Seareon\documents\visual studio 2010\Projects\ATM_PPvIS\ATM_PPvIS\Debug\link.6032-cvtres.write.1.tlog
C:\Users\Seareon\documents\visual studio 2010\Projects\ATM_PPvIS\ATM_PPvIS\Debug\link.6076.read.1.tlog
C:\Users\Seareon\documents\visual studio 2010\Projects\ATM_PPvIS\ATM_PPvIS\Debug\link.6076.write.1.tlog
C:\Users\Seareon\documents\visual studio 2010\Projects\ATM_PPvIS\ATM_PPvIS\Debug\link.6076-cvtres.read.1.tlog
C:\Users\Seareon\documents\visual studio 2010\Projects\ATM_PPvIS\ATM_PPvIS\Debug\link.6076-cvtres.write.1.tlog
C:\Users\Seareon\documents\visual studio 2010\Projects\ATM_PPvIS\ATM_PPvIS\Debug\link.6132.read.1.tlog
C:\Users\Seareon\documents\visual studio 2010\Projects\ATM_PPvIS\ATM_PPvIS\Debug\link.6132.write.1.tlog
C:\Users\Seareon\documents\visual studio 2010\Projects\ATM_PPvIS\ATM_PPvIS\Debug\link.6132-cvtres.read.1.tlog
C:\Users\Seareon\documents\visual studio 2010\Projects\ATM_PPvIS\ATM_PPvIS\Debug\link.6132-cvtres.write.1.tlog
C:\Users\Seareon\documents\visual studio 2010\Projects\ATM_PPvIS\ATM_PPvIS\Debug\link.80.read.1.tlog
C:\Users\Seareon\documents\visual studio 2010\Projects\ATM_PPvIS\ATM_PPvIS\Debug\link.80.write.1.tlog
C:\Users\Seareon\documents\visual studio 2010\Projects\ATM_PPvIS\ATM_PPvIS\Debug\link.80-cvtres.read.1.tlog
C:\Users\Seareon\documents\visual studio 2010\Projects\ATM_PPvIS\ATM_PPvIS\Debug\link.80-cvtres.write.1.tlog
C:\Users\Seareon\documents\visual studio 2010\Projects\ATM_PPvIS\ATM_PPvIS\Debug\link.command.1.tlog
C:\Users\Seareon\documents\visual studio 2010\Projects\ATM_PPvIS\ATM_PPvIS\Debug\link.read.1.tlog
C:\Users\Seareon\documents\visual studio 2010\Projects\ATM_PPvIS\ATM_PPvIS\Debug\link.write.1.tlog
C:\Users\Seareon\documents\visual studio 2010\Projects\ATM_PPvIS\ATM_PPvIS\Debug\mt.command.1.tlog
C:\Users\Seareon\documents\visual studio 2010\Projects\ATM_PPvIS\ATM_PPvIS\Debug\mt.read.1.tlog
C:\Users\Seareon\documents\visual studio 2010\Projects\ATM_PPvIS\ATM_PPvIS\Debug\mt.write.1.tlog
C:\Users\Seareon\documents\visual studio 2010\Projects\ATM_PPvIS\ATM_PPvIS\Debug\rc.command.1.tlog
C:\Users\Seareon\documents\visual studio 2010\Projects\ATM_PPvIS\ATM_PPvIS\Debug\rc.read.1.tlog
C:\Users\Seareon\documents\visual studio 2010\Projects\ATM_PPvIS\ATM_PPvIS\Debug\rc.write.1.tlog
C:\USERS\SEAREON\DOCUMENTS\VISUAL STUDIO 2010\PROJECTS\ATM_PPVIS\ATM_PPVIS\DEBUG\STDAFX.OBJ
C:\USERS\SEAREON\DOCUMENTS\VISUAL STUDIO 2010\PROJECTS\ATM_PPVIS\ATM_PPVIS\DEBUG\VC100.PDB
C:\USERS\SEAREON\DOCUMENTS\VISUAL STUDIO 2010\PROJECTS\ATM_PPVIS\DEBUG\ATM_PPVIS.EXE
C:\Users\Seareon\documents\visual studio 2010\Projects\ATM_PPvIS\Debug\ATM_PPvIS.ilk
C:\Users\Seareon\documents\visual studio 2010\Projects\ATM_PPvIS\Debug\ATM_PPvIS.pdb
