Построение начато 25.09.2015 13:15:15.
     1>Проект "C:\Users\Seareon\documents\visual studio 2010\Projects\ATM_PPvIS\ATM_PPvIS\ATM_PPvIS.vcxproj" в узле 2 (целевые объекты build).
     1>InitializeBuildStatus:
         Создание "Debug\ATM_PPvIS.unsuccessfulbuild", так как было задано "AlwaysCreate".
       GenerateTargetFrameworkMonikerAttribute:
       Целевой объект "GenerateTargetFrameworkMonikerAttribute" пропускается, так как все выходные файлы актуальны по отношению к входным.
       ClCompile:
         Для всех выходных данных обновления не требуется.
         C:\Program Files (x86)\Microsoft Visual Studio 10.0\VC\bin\CL.exe /c /AI"C:\Program Files (x86)\Reference Assemblies\Microsoft\Framework\.NETFramework\v4.0" /Zi /clr:pure /nologo /W3 /WX- /Od /Oy- /D WIN32 /D _DEBUG /D _UNICODE /D UNICODE /EHa /MDd /GS /fp:precise /Zc:wchar_t /Zc:forScope /Yu"StdAfx.h" /Fp"Debug\ATM_PPvIS.pch" /Fo"Debug\\" /Fd"Debug\vc100.pdb" /TP /FU"C:\Program Files (x86)\Reference Assemblies\Microsoft\Framework\.NETFramework\v4.0\System.Core.dll" /FU"C:\Program Files (x86)\Reference Assemblies\Microsoft\Framework\.NETFramework\v4.0\System.Data.dll" /FU"C:\Program Files (x86)\Reference Assemblies\Microsoft\Framework\.NETFramework\v4.0\System.dll" /FU"C:\Program Files (x86)\Reference Assemblies\Microsoft\Framework\.NETFramework\v4.0\System.Drawing.dll" /FU"C:\Program Files (x86)\Reference Assemblies\Microsoft\Framework\.NETFramework\v4.0\System.Windows.Forms.dll" /FU"C:\Program Files (x86)\Reference Assemblies\Microsoft\Framework\.NETFramework\v4.0\System.Xml.dll" /analyze- /errorReport:prompt ATM_PPvIS.cpp Form2.cpp Form3.cpp Form4.cpp classes.cpp /clr:nostdlib 
         ATM_PPvIS.cpp
         Form2.cpp
         Form3.cpp
         Form4.cpp
         classes.cpp
         Создание кода...
         Для всех выходных данных обновления не требуется.
       CoreResGen:
         Отсутствуют ресурсы, устаревшие по отношению к файлам своих источников. Пропуск формирования ресурсов.
       ResourceCompile:
         Для всех выходных данных обновления не требуется.
       Link:
         C:\Program Files (x86)\Microsoft Visual Studio 10.0\VC\bin\link.exe /ERRORREPORT:PROMPT /OUT:"C:\Users\Seareon\documents\visual studio 2010\Projects\ATM_PPvIS\Debug\ATM_PPvIS.exe" /INCREMENTAL /NOLOGO /ASSEMBLYRESOURCE:Debug\ATM_PPvIS.Form1.resources /ASSEMBLYRESOURCE:Debug\ATM_PPvIS.Form2.resources /ASSEMBLYRESOURCE:Debug\ATM_PPvIS.Form3.resources /ASSEMBLYRESOURCE:Debug\ATM_PPvIS.Form4.resources /MANIFEST /ManifestFile:"Debug\ATM_PPvIS.exe.intermediate.manifest" /MANIFESTUAC:"level='asInvoker' uiAccess='false'" /DEBUG /PDB:"C:\Users\Seareon\documents\visual studio 2010\Projects\ATM_PPvIS\Debug\ATM_PPvIS.pdb" /ASSEMBLYDEBUG /SUBSYSTEM:WINDOWS /TLBID:1 /ENTRY:"main" /DYNAMICBASE /FIXED:NO /NXCOMPAT /MACHINE:X86 Debug\app.res
         Debug\AssemblyInfo.obj
         Debug\ATM_PPvIS.obj
         Debug\classes.obj
         Debug\Form2.obj
         Debug\Form3.obj
         Debug\Form4.obj
         Debug\stdafx.obj
         "Debug\.NETFramework,Version=v4.0.AssemblyAttributes.obj"
         ATM_PPvIS.vcxproj -> C:\Users\Seareon\documents\visual studio 2010\Projects\ATM_PPvIS\Debug\ATM_PPvIS.exe
       Manifest:
         C:\Program Files (x86)\Microsoft SDKs\Windows\v7.0A\bin\mt.exe /nologo /verbose /outputresource:"C:\Users\Seareon\documents\visual studio 2010\Projects\ATM_PPvIS\Debug\ATM_PPvIS.exe;#1" /manifest Debug\ATM_PPvIS.exe.intermediate.manifest
       FinalizeBuildStatus:
         Файл "Debug\ATM_PPvIS.unsuccessfulbuild" удаляется.
         Обращение к "Debug\ATM_PPvIS.lastbuildstate".
     1>Построение проекта "C:\Users\Seareon\documents\visual studio 2010\Projects\ATM_PPvIS\ATM_PPvIS\ATM_PPvIS.vcxproj" завершено (целевые объекты build).

Построение успешно завершено.

Затраченное время: 00:00:01.37
